Added Component: Designator=C?(CAPC3225M)
Added Component: Designator=C?(CAPC3225M)
Added Component: Designator=C?(CAPC2012L)
Added Component: Designator=C?(CAPC2012L)
Added Component: Designator=C?(CAPC2012L)
Added Component: Designator=J?(ST-3150-5N)
Added Component: Designator=J?(ST-3150-5N)
Added Component: Designator=P?(HDR2X8)
Added Component: Designator=P?(HDR1X3)
Added Component: Designator=R?(RESC2012L)
Added Component: Designator=R?(RESC2012M)
Added Component: Designator=R?(RESC2012M)
Added Component: Designator=R?(RESC2012M)
Added Component: Designator=U?(SOIC-SO28_N)
Added Component: Designator=U?(SOIC127P1041-16M)
Added Pin To Net: NetName=A Pin=P?-2
Added Net: Name=A
Added Net: Name=B
Added Net: Name=CLK
Added Pin To Net: NetName=GND Pin=C?-2
Added Pin To Net: NetName=GND Pin=C?-2
Added Pin To Net: NetName=GND Pin=C?-2
Added Pin To Net: NetName=GND Pin=C?-2
Added Pin To Net: NetName=GND Pin=R?-1
Added Net: Name=GND
Added Pin To Net: NetName=MBIAS Pin=J?-2
Added Pin To Net: NetName=MBIAS Pin=J?-2A
Added Pin To Net: NetName=MBIAS Pin=J?-2B
Added Pin To Net: NetName=MBIAS Pin=J?-5
Added Pin To Net: NetName=MBIAS Pin=J?-5A
Added Pin To Net: NetName=MBIAS Pin=J?-5B
Added Pin To Net: NetName=MBIAS Pin=U?-2
Added Net: Name=MBIAS
Added Pin To Net: NetName=MIC Pin=C?-2
Added Pin To Net: NetName=MIC Pin=U?-10
Added Net: Name=MIC
Added Net: Name=NC
Added Pin To Net: NetName=NetC?_1 Pin=C?-1
Added Pin To Net: NetName=NetC?_1 Pin=J?-4
Added Pin To Net: NetName=NetC?_1 Pin=J?-4A
Added Pin To Net: NetName=NetC?_1 Pin=J?-4B
Added Net: Name=NetC?_1
Added Pin To Net: NetName=NetJ?_1 Pin=J?-1
Added Pin To Net: NetName=NetJ?_1 Pin=J?-1A
Added Pin To Net: NetName=NetJ?_1 Pin=J?-1B
Added Net: Name=NetJ?_1
Added Pin To Net: NetName=NetJ?_2 Pin=J?-2
Added Pin To Net: NetName=NetJ?_2 Pin=J?-2A
Added Pin To Net: NetName=NetJ?_2 Pin=J?-2B
Added Net: Name=NetJ?_2
Added Pin To Net: NetName=NetJ?_3 Pin=J?-3
Added Pin To Net: NetName=NetJ?_3 Pin=J?-3A
Added Pin To Net: NetName=NetJ?_3 Pin=J?-3B
Added Net: Name=NetJ?_3
Added Pin To Net: NetName=NetJ?_4 Pin=J?-4
Added Pin To Net: NetName=NetJ?_4 Pin=J?-4A
Added Pin To Net: NetName=NetJ?_4 Pin=J?-4B
Added Net: Name=NetJ?_4
Added Pin To Net: NetName=NetJ?_5 Pin=J?-5
Added Pin To Net: NetName=NetJ?_5 Pin=J?-5A
Added Pin To Net: NetName=NetJ?_5 Pin=J?-5B
Added Net: Name=NetJ?_5
Added Pin To Net: NetName=NetR?_2 Pin=R?-2
Added Pin To Net: NetName=NetR?_2 Pin=U?-9
Added Net: Name=NetR?_2
Added Pin To Net: NetName=NetU?_4 Pin=U?-4
Added Net: Name=NetU?_4
Added Pin To Net: NetName=NetU?_6 Pin=U?-6
Added Net: Name=NetU?_6
Added Pin To Net: NetName=NetU?_7 Pin=U?-7
Added Net: Name=NetU?_7
Added Pin To Net: NetName=OE Pin=P?-1
Added Net: Name=OE
Added Net: Name=R
Added Pin To Net: NetName=SIVA Pin=C?-1
Added Pin To Net: NetName=SIVA Pin=C?-1
Added Pin To Net: NetName=SIVA Pin=R?-2
Added Pin To Net: NetName=SIVA Pin=U?-13
Added Net: Name=SIVA
Added Pin To Net: NetName=SIVD Pin=C?-1
Added Pin To Net: NetName=SIVD Pin=C?-1
Added Pin To Net: NetName=SIVD Pin=R?-1
Added Pin To Net: NetName=SIVD Pin=R?-1
Added Pin To Net: NetName=SIVD Pin=R?-1
Added Pin To Net: NetName=SIVD Pin=U?-12
Added Net: Name=SIVD
Added Net: Name=STROBE
Added Class: Name=Audio
Added Room: Name=Audio
