Removed Pin From Net: NetName=NetR3_2 Pin=R3-2
Removed Pin From Net: NetName=NetR4_2 Pin=R4-2
Removed Pin From Net: NetName=NetR5_2 Pin=R5-2
Removed Pin From Net: NetName=NetU1_23 Pin=U1-23
Removed Pin From Net: NetName=NetU1_24 Pin=U1-24
Removed Pin From Net: NetName=NetR4_2 Pin=U1-25
Removed Pin From Net: NetName=NetR3_2 Pin=U1-26
Removed Pin From Net: NetName=NetU1_21 Pin=U2-4
Removed Pin From Net: NetName=NetR5_2 Pin=U2-5
Removed Pin From Net: NetName=NetR4_2 Pin=U2-8
Removed Pin From Net: NetName=NetR3_2 Pin=U2-9
Added Component: Designator=C17(CAPC2012L)
Added Component: Designator=C18(CAPC2012L)
Added Component: Designator=P5(HDR1X6)
Added Component: Designator=Y1(BCY-W2/E4.7)
Added Pin To Net: NetName=GND Pin=C17-2
Added Pin To Net: NetName=GND Pin=C18-2
Added Pin To Net: NetName=SIVD Pin=P5-2
Added Pin To Net: NetName=GND Pin=P5-3
Added Pin To Net: NetName=NetU1_21 Pin=R3-2
Added Pin To Net: NetName=NetR5_2 Pin=R4-2
Added Pin To Net: NetName=NetR3_2 Pin=R5-2
Added Pin To Net: NetName=NetU1_24 Pin=U1-23
Added Pin To Net: NetName=NetU1_23 Pin=U1-24
Added Pin To Net: NetName=NetR3_2 Pin=U1-25
Added Pin To Net: NetName=NetR4_2 Pin=U1-26
Added Pin To Net: NetName=NetR4_2 Pin=U2-4
Added Pin To Net: NetName=NetR3_2 Pin=U2-5
Added Pin To Net: NetName=NetR5_2 Pin=U2-8
Added Pin To Net: NetName=NetU1_21 Pin=U2-9
Change Net Name : Old Net Name=NetR3_2 New Net Name=SI_SDO
Change Net Name : Old Net Name=NetR4_2 New Net Name=SI_SDI
Change Net Name : Old Net Name=NetR5_2 New Net Name=SI_SCLK
Change Net Name : Old Net Name=NetU1_21 New Net Name=SI_RESET
Change Net Name : Old Net Name=NetU1_23 New Net Name=SI_FSYNC
Change Net Name : Old Net Name=NetU1_24 New Net Name=SI_CMLK
Added Pin To Net: NetName=MCLR Pin=P5-1
Added Net: Name=MCLR
Added Pin To Net: NetName=NetC17_1 Pin=C17-1
Added Pin To Net: NetName=NetC17_1 Pin=U1-9
Added Pin To Net: NetName=NetC17_1 Pin=Y1-1
Added Net: Name=NetC17_1
Added Pin To Net: NetName=NetC18_1 Pin=C18-1
Added Pin To Net: NetName=NetC18_1 Pin=U1-10
Added Pin To Net: NetName=NetC18_1 Pin=Y1-2
Added Net: Name=NetC18_1
Added Pin To Net: NetName=PGC Pin=P5-5
Added Pin To Net: NetName=PGC Pin=U1-5
Added Net: Name=PGC
Added Pin To Net: NetName=PGD Pin=P5-4
Added Pin To Net: NetName=PGD Pin=U1-4
Added Net: Name=PGD
Added Member To Class: ClassName=Audio Member=Component C17 Cap Pol3
Added Member To Class: ClassName=Audio Member=Component C18 Cap Pol3
Added Member To Class: ClassName=Audio Member=Component P5 Header 6
Added Member To Class: ClassName=Audio Member=Component Y1 4MHz
Added Room: Name=Audio
