Added Component: Designator=C14(CAPC3225M)
Added Component: Designator=C15(CAPC3225M)
Added Component: Designator=C16(CAPC3225M)
Added Component: Designator=P4(HDR1X4)
Added Pin To Net: NetName=GND Pin=C14-2
Added Pin To Net: NetName=GND Pin=P4-2
Added Pin To Net: NetName=GND Pin=P4-3
Added Pin To Net: NetName=LINEI Pin=C16-1
Added Pin To Net: NetName=LINEI Pin=U2-11
Added Net: Name=LINEI
Added Pin To Net: NetName=LINEO Pin=C15-1
Added Pin To Net: NetName=LINEO Pin=U2-15
Added Net: Name=LINEO
Added Pin To Net: NetName=NetC14_1 Pin=C14-1
Added Pin To Net: NetName=NetC14_1 Pin=U2-3
Added Net: Name=NetC14_1
Added Pin To Net: NetName=NetC15_2 Pin=C15-2
Added Pin To Net: NetName=NetC15_2 Pin=P4-1
Added Net: Name=NetC15_2
Added Pin To Net: NetName=NetC16_2 Pin=C16-2
Added Pin To Net: NetName=NetC16_2 Pin=P4-4
Added Net: Name=NetC16_2
Added Member To Class: ClassName=Audio Member=Component C14 Cap Pol3
Added Member To Class: ClassName=Audio Member=Component C15 Cap Pol3
Added Member To Class: ClassName=Audio Member=Component C16 Cap Pol3
Added Member To Class: ClassName=Audio Member=Component P4 Header 4
Added Room: Name=Audio
