Change Component Comment : Designator=P2 Old Comment=IR LED New Comment=PL-IRM0101-3
Change Component Designator: OldDesignator=C2 NewDesignator=C4
Change Component Designator: OldDesignator=C3 NewDesignator=C2
Change Component Designator: OldDesignator=C4 NewDesignator=C3
Change Component Designator: OldDesignator=C5 NewDesignator=C6
Change Component Designator: OldDesignator=C6 NewDesignator=C10
Change Component Designator: OldDesignator=C7 NewDesignator=C11
Change Component Designator: OldDesignator=C8 NewDesignator=C5
Change Component Designator: OldDesignator=C9 NewDesignator=C7
Change Component Designator: OldDesignator=C10 NewDesignator=C8
Change Component Designator: OldDesignator=C11 NewDesignator=C9
Change Component Designator: OldDesignator=J2 NewDesignator=J1
Change Component Designator: OldDesignator=J3 NewDesignator=J2
Change Component Designator: OldDesignator=P1 NewDesignator=P2
Change Component Designator: OldDesignator=P2 NewDesignator=P3
Change Component Designator: OldDesignator=R2 NewDesignator=R3
Change Component Designator: OldDesignator=R3 NewDesignator=R4
Change Component Designator: OldDesignator=R4 NewDesignator=R5
Change Component Designator: OldDesignator=R5 NewDesignator=R6
Change Component Designator: OldDesignator=R6 NewDesignator=R7
Change Component Designator: OldDesignator=R7 NewDesignator=R2
Added Component: Designator=C13(TC6032-2412)
Added Component: Designator=D1(DIO10.46-5.3x2.8)
Added Component: Designator=P1(DOMINO SMALL 2 PIN_REV2)
Added Pin To Net: NetName=SIVD Pin=C13-1
Added Pin To Net: NetName=GND Pin=C13-2
Added Pin To Net: NetName=GND Pin=P1-2
Added Pin To Net: NetName=GND Pin=P3-1
Change Net Name : Old Net Name=NetC5_1 New Net Name=NetC6_1
Change Net Name : Old Net Name=NetC6_2 New Net Name=NetC10_2
Change Net Name : Old Net Name=NetC7_2 New Net Name=NetC11_2
Change Net Name : Old Net Name=NetC8_1 New Net Name=NetC5_1
Change Net Name : Old Net Name=NetJ2_1 New Net Name=NetJ1_1
Change Net Name : Old Net Name=NetJ2_3 New Net Name=NetJ1_3
Change Net Name : Old Net Name=NetJ3_1 New Net Name=NetJ2_1
Change Net Name : Old Net Name=NetJ3_2 New Net Name=NetJ2_2
Change Net Name : Old Net Name=NetJ3_3 New Net Name=NetJ2_3
Change Net Name : Old Net Name=NetR2_2 New Net Name=NetR3_2
Change Net Name : Old Net Name=NetR3_2 New Net Name=NetR4_2
Change Net Name : Old Net Name=NetR4_2 New Net Name=NetR5_2
Change Net Name : Old Net Name=NetR7_2 New Net Name=NetR2_2
Added Pin To Net: NetName=NetD1_1 Pin=D1-1
Added Pin To Net: NetName=NetD1_1 Pin=P1-1
Added Net: Name=NetD1_1
Added Pin To Net: NetName=REG5V Pin=D1-2
Added Pin To Net: NetName=REG5V Pin=P3-2
Added Net: Name=REG5V
Added Member To Class: ClassName=Audio Member=Component C13 Cap Pol3
Added Member To Class: ClassName=Audio Member=Component D1 D Schottky
Added Member To Class: ClassName=Audio Member=Component P3 PL-IRM0101-3
Added Room: Name=Audio
