Removed Pin From Net: NetName=SIVD Pin=C?-1
Removed Pin From Net: NetName=NetJ?_2 Pin=J?-2A
Removed Pin From Net: NetName=NetJ?_2 Pin=J?-2B
Removed Pin From Net: NetName=NetJ?_2 Pin=J?-2
Removed Pin From Net: NetName=NetJ?_5 Pin=J?-5A
Removed Pin From Net: NetName=NetJ?_5 Pin=J?-5B
Removed Pin From Net: NetName=NetJ?_5 Pin=J?-5
Removed Pin From Net: NetName=OE Pin=P?-1
Removed Pin From Net: NetName=A Pin=P?-2
Removed Pin From Net: NetName=SIVA Pin=R?-2
Removed Pin From Net: NetName=NetU?_4 Pin=U?-4
Removed Pin From Net: NetName=NetU?_6 Pin=U?-6
Removed Pin From Net: NetName=NetU?_7 Pin=U?-7
Removed Pin From Net: NetName=NetR?_2 Pin=U?-9
Change Component Designator: OldDesignator=C? NewDesignator=C1
Change Component Designator: OldDesignator=C? NewDesignator=C2
Change Component Designator: OldDesignator=C? NewDesignator=C3
Change Component Designator: OldDesignator=C? NewDesignator=C4
Change Component Designator: OldDesignator=C? NewDesignator=C5
Change Component Designator: OldDesignator=J? NewDesignator=J1
Change Component Designator: OldDesignator=J? NewDesignator=J2
Change Component Designator: OldDesignator=P? NewDesignator=P1
Change Component Designator: OldDesignator=P? NewDesignator=P2
Change Component Designator: OldDesignator=R? NewDesignator=R1
Change Component Designator: OldDesignator=R? NewDesignator=R2
Change Component Designator: OldDesignator=R? NewDesignator=R3
Change Component Designator: OldDesignator=R? NewDesignator=R4
Change Component Designator: OldDesignator=U? NewDesignator=U1
Change Component Designator: OldDesignator=U? NewDesignator=U2
Added Pin To Net: NetName=SIVD Pin=C1-1
Added Pin To Net: NetName=GND Pin=C1-2
Added Pin To Net: NetName=SIVD Pin=C2-1
Added Pin To Net: NetName=GND Pin=C2-2
Added Pin To Net: NetName=SIVA Pin=C3-1
Added Pin To Net: NetName=GND Pin=C3-2
Added Pin To Net: NetName=SIVA Pin=C4-1
Added Pin To Net: NetName=GND Pin=C4-2
Added Pin To Net: NetName=NetJ?_4 Pin=C5-1
Added Pin To Net: NetName=NetC?_1 Pin=J1-1A
Added Pin To Net: NetName=NetC?_1 Pin=J1-1B
Added Pin To Net: NetName=NetC?_1 Pin=J1-1
Added Pin To Net: NetName=NetJ?_2 Pin=J1-2A
Added Pin To Net: NetName=NetJ?_2 Pin=J1-2B
Added Pin To Net: NetName=NetJ?_2 Pin=J1-2
Added Pin To Net: NetName=NetJ?_5 Pin=J1-3A
Added Pin To Net: NetName=NetJ?_5 Pin=J1-3B
Added Pin To Net: NetName=NetJ?_5 Pin=J1-3
Added Pin To Net: NetName=NetR?_2 Pin=J1-4A
Added Pin To Net: NetName=NetR?_2 Pin=J1-4B
Added Pin To Net: NetName=NetR?_2 Pin=J1-4
Added Pin To Net: NetName=NetU?_4 Pin=J1-5A
Added Pin To Net: NetName=NetU?_4 Pin=J1-5B
Added Pin To Net: NetName=NetU?_4 Pin=J1-5
Added Pin To Net: NetName=MBIAS Pin=J2-2A
Added Pin To Net: NetName=MBIAS Pin=J2-2B
Added Pin To Net: NetName=MBIAS Pin=J2-2
Added Pin To Net: NetName=MBIAS Pin=J2-5A
Added Pin To Net: NetName=MBIAS Pin=J2-5B
Added Pin To Net: NetName=MBIAS Pin=J2-5
Added Pin To Net: NetName=OE Pin=P1-1
Added Pin To Net: NetName=A Pin=P1-2
Added Pin To Net: NetName=B Pin=P1-4
Added Pin To Net: NetName=NC Pin=P1-6
Added Pin To Net: NetName=CLK Pin=P1-8
Added Pin To Net: NetName=STROBE Pin=P1-10
Added Pin To Net: NetName=R Pin=P1-12
Added Pin To Net: NetName=SIVD Pin=R1-1
Added Pin To Net: NetName=SIVA Pin=R1-2
Added Pin To Net: NetName=SIVD Pin=R2-1
Added Pin To Net: NetName=NetU?_6 Pin=R2-2
Added Pin To Net: NetName=NetU?_7 Pin=R3-2
Added Pin To Net: NetName=GND Pin=R4-1
Added Pin To Net: NetName=NetU?_7 Pin=U1-25
Added Pin To Net: NetName=NetU?_6 Pin=U1-26
Added Pin To Net: NetName=NetU?_7 Pin=U2-8
Added Pin To Net: NetName=NetU?_6 Pin=U2-9
Change Net Name : Old Net Name=NetC?_1 New Net Name=NetJ1_1
Change Net Name : Old Net Name=NetJ?_1 New Net Name=NetJ2_1
Change Net Name : Old Net Name=NetJ?_2 New Net Name=NetJ1_2
Change Net Name : Old Net Name=NetJ?_3 New Net Name=NetJ2_3
Change Net Name : Old Net Name=NetJ?_4 New Net Name=NetC5_1
Change Net Name : Old Net Name=NetJ?_5 New Net Name=NetJ1_3
Change Net Name : Old Net Name=NetR?_2 New Net Name=NetJ1_4
Change Net Name : Old Net Name=NetU?_4 New Net Name=NetJ1_5
Change Net Name : Old Net Name=NetU?_6 New Net Name=NetR2_2
Change Net Name : Old Net Name=NetU?_7 New Net Name=NetR3_2
Added Pin To Net: NetName=NetR4_2 Pin=R4-2
Added Pin To Net: NetName=NetR4_2 Pin=U1-22
Added Pin To Net: NetName=NetR4_2 Pin=U2-5
Added Net: Name=NetR4_2
Added Pin To Net: NetName=NetU1_21 Pin=U1-21
Added Pin To Net: NetName=NetU1_21 Pin=U2-4
Added Net: Name=NetU1_21
Added Pin To Net: NetName=NetU1_23 Pin=U1-23
Added Pin To Net: NetName=NetU1_23 Pin=U2-6
Added Net: Name=NetU1_23
Added Pin To Net: NetName=NetU1_24 Pin=U1-24
Added Pin To Net: NetName=NetU1_24 Pin=U2-7
Added Net: Name=NetU1_24
Added Member To Class: ClassName=Audio Member=Component C1 Cap Pol3
Added Member To Class: ClassName=Audio Member=Component C2 Cap Pol3
Added Member To Class: ClassName=Audio Member=Component C4 Cap Pol3
Added Member To Class: ClassName=Audio Member=Component C5 Cap Pol3
Added Member To Class: ClassName=Audio Member=Component J2 Phonejack Stereo SW
Added Member To Class: ClassName=Audio Member=Component P2 IR LED
Added Member To Class: ClassName=Audio Member=Component R2 Res1
Added Member To Class: ClassName=Audio Member=Component R3 Res1
Added Member To Class: ClassName=Audio Member=Component R4 Res1
Added Member To Class: ClassName=Audio Member=Component U2 Si3000
